------------------------------------------------------------------------------------------------------------------------

[2023-10-19 10:42:34 #1 store] 
Database 'C:\Users\iaram\git\probaAldaketak\src\main\resources\bets.temp' has been recovered (tr. 2848-2952)

[2023-10-19 10:42:34 #2 store] 
Database 'C:\Users\iaram\git\probaAldaketak\src\main\resources\bets.temp' is opened by 8432@LAPTOP-QG7DD9CE

[2023-10-19 10:42:34 #3 type] 
Type domain.Aukera is not enhanced.

[2023-10-19 10:42:34 #4 type] 
Type domain.Apustua is not enhanced.

[2023-10-19 10:42:34 #5 type] 
Type domain.Question is not enhanced.

[2023-10-19 10:42:34 #6 type] 
Type domain.Event is not enhanced.

[2023-10-19 10:42:34 #7 type] 
Type domain.User is not enhanced.

[2023-10-19 10:42:34 #8 type] 
Type domain.Erregistratua is not enhanced.

[2023-10-19 10:42:34 #9 type] 
Type domain.Mezua is not enhanced.

[2023-10-19 10:42:34 #10 type] 
Type domain.Mugimendua is not enhanced.

[2023-10-19 10:42:34 #11 type] 
Type domain.Admin is not enhanced.

[2023-10-19 10:42:34 #12 type] 
Type domain.Editorea is not enhanced.

------------------------------------------------------------------------------------------------------------------------

[2023-10-19 10:42:57 #1 store] 
Database 'C:\Users\iaram\git\probaAldaketak\src\main\resources\bets.temp' has been recovered (tr. 2953-2971)

[2023-10-19 10:42:57 #2 store] 
Database 'C:\Users\iaram\git\probaAldaketak\src\main\resources\bets.temp' is opened by 25744@LAPTOP-QG7DD9CE

[2023-10-19 10:42:57 #3 type] 
Type domain.Aukera is not enhanced.

[2023-10-19 10:42:57 #4 type] 
Type domain.Apustua is not enhanced.

[2023-10-19 10:42:57 #5 type] 
Type domain.Question is not enhanced.

[2023-10-19 10:42:57 #6 type] 
Type domain.Event is not enhanced.

[2023-10-19 10:42:57 #7 type] 
Type domain.User is not enhanced.

[2023-10-19 10:42:57 #8 type] 
Type domain.Erregistratua is not enhanced.

[2023-10-19 10:42:57 #9 type] 
Type domain.Mezua is not enhanced.

[2023-10-19 10:42:57 #10 type] 
Type domain.Mugimendua is not enhanced.

[2023-10-19 10:42:57 #11 type] 
Type domain.Admin is not enhanced.

[2023-10-19 10:42:57 #12 type] 
Type domain.Editorea is not enhanced.

------------------------------------------------------------------------------------------------------------------------

[2023-10-19 10:46:16 #1 store] 
Database 'C:\Users\iaram\git\probaAldaketak\src\main\resources\bets.temp' has been recovered (tr. 2972-2990)

[2023-10-19 10:46:16 #2 store] 
Database 'C:\Users\iaram\git\probaAldaketak\src\main\resources\bets.temp' is opened by 30708@LAPTOP-QG7DD9CE

[2023-10-19 10:46:16 #3 type] 
Type domain.Aukera is not enhanced.

[2023-10-19 10:46:16 #4 type] 
Type domain.Apustua is not enhanced.

[2023-10-19 10:46:16 #5 type] 
Type domain.Question is not enhanced.

[2023-10-19 10:46:16 #6 type] 
Type domain.Event is not enhanced.

[2023-10-19 10:46:16 #7 type] 
Type domain.User is not enhanced.

[2023-10-19 10:46:16 #8 type] 
Type domain.Erregistratua is not enhanced.

[2023-10-19 10:46:16 #9 type] 
Type domain.Mezua is not enhanced.

[2023-10-19 10:46:16 #10 type] 
Type domain.Mugimendua is not enhanced.

[2023-10-19 10:46:16 #11 type] 
Type domain.Admin is not enhanced.

[2023-10-19 10:46:16 #12 type] 
Type domain.Editorea is not enhanced.

------------------------------------------------------------------------------------------------------------------------

[2023-10-19 10:46:47 #1 store] 
Database 'C:\Users\iaram\git\probaAldaketak\src\main\resources\bets.temp' has been recovered (tr. 2991-3007)

[2023-10-19 10:46:47 #2 store] 
Database 'C:\Users\iaram\git\probaAldaketak\src\main\resources\bets.temp' is opened by 224@LAPTOP-QG7DD9CE

[2023-10-19 10:46:47 #3 type] 
Type domain.Aukera is not enhanced.

[2023-10-19 10:46:47 #4 type] 
Type domain.Apustua is not enhanced.

[2023-10-19 10:46:47 #5 type] 
Type domain.Question is not enhanced.

[2023-10-19 10:46:47 #6 type] 
Type domain.Event is not enhanced.

[2023-10-19 10:46:47 #7 type] 
Type domain.User is not enhanced.

[2023-10-19 10:46:47 #8 type] 
Type domain.Erregistratua is not enhanced.

[2023-10-19 10:46:47 #9 type] 
Type domain.Mezua is not enhanced.

[2023-10-19 10:46:47 #10 type] 
Type domain.Mugimendua is not enhanced.

[2023-10-19 10:46:47 #11 type] 
Type domain.Admin is not enhanced.

[2023-10-19 10:46:47 #12 type] 
Type domain.Editorea is not enhanced.

------------------------------------------------------------------------------------------------------------------------

[2023-10-19 10:47:12 #1 store] 
Database 'C:\Users\iaram\git\probaAldaketak\src\main\resources\bets.temp' has been recovered (tr. 3008-3022)

[2023-10-19 10:47:12 #2 store] 
Database 'C:\Users\iaram\git\probaAldaketak\src\main\resources\bets.temp' is opened by 11676@LAPTOP-QG7DD9CE

[2023-10-19 10:47:12 #3 type] 
Type domain.Aukera is not enhanced.

[2023-10-19 10:47:12 #4 type] 
Type domain.Apustua is not enhanced.

[2023-10-19 10:47:12 #5 type] 
Type domain.Question is not enhanced.

[2023-10-19 10:47:12 #6 type] 
Type domain.Event is not enhanced.

[2023-10-19 10:47:12 #7 type] 
Type domain.User is not enhanced.

[2023-10-19 10:47:12 #8 type] 
Type domain.Erregistratua is not enhanced.

[2023-10-19 10:47:12 #9 type] 
Type domain.Mezua is not enhanced.

[2023-10-19 10:47:12 #10 type] 
Type domain.Mugimendua is not enhanced.

[2023-10-19 10:47:12 #11 type] 
Type domain.Admin is not enhanced.

[2023-10-19 10:47:12 #12 type] 
Type domain.Editorea is not enhanced.

------------------------------------------------------------------------------------------------------------------------

[2023-10-19 10:48:14 #1 store] 
Database 'C:\Users\iaram\git\probaAldaketak\src\main\resources\bets.temp' has been recovered (tr. 3023-3032)

[2023-10-19 10:48:15 #2 store] 
Database 'C:\Users\iaram\git\probaAldaketak\src\main\resources\bets.temp' is opened by 12532@LAPTOP-QG7DD9CE

[2023-10-19 10:48:15 #3 type] 
Type domain.Aukera is not enhanced.

[2023-10-19 10:48:15 #4 type] 
Type domain.Apustua is not enhanced.

[2023-10-19 10:48:15 #5 type] 
Type domain.Question is not enhanced.

[2023-10-19 10:48:15 #6 type] 
Type domain.Event is not enhanced.

[2023-10-19 10:48:15 #7 type] 
Type domain.User is not enhanced.

[2023-10-19 10:48:15 #8 type] 
Type domain.Erregistratua is not enhanced.

[2023-10-19 10:48:15 #9 type] 
Type domain.Mezua is not enhanced.

[2023-10-19 10:48:15 #10 type] 
Type domain.Mugimendua is not enhanced.

[2023-10-19 10:48:15 #11 type] 
Type domain.Admin is not enhanced.

[2023-10-19 10:48:15 #12 type] 
Type domain.Editorea is not enhanced.

------------------------------------------------------------------------------------------------------------------------

[2023-10-19 10:49:23 #1 store] 
Database 'C:\Users\iaram\git\probaAldaketak\src\main\resources\bets.temp' has been recovered (tr. 3033-3037)

[2023-10-19 10:49:23 #2 store] 
Database 'C:\Users\iaram\git\probaAldaketak\src\main\resources\bets.temp' is opened by 28768@LAPTOP-QG7DD9CE

[2023-10-19 10:49:23 #3 type] 
Type domain.Aukera is not enhanced.

[2023-10-19 10:49:23 #4 type] 
Type domain.Apustua is not enhanced.

[2023-10-19 10:49:23 #5 type] 
Type domain.Question is not enhanced.

[2023-10-19 10:49:23 #6 type] 
Type domain.Event is not enhanced.

[2023-10-19 10:49:23 #7 type] 
Type domain.User is not enhanced.

[2023-10-19 10:49:23 #8 type] 
Type domain.Erregistratua is not enhanced.

[2023-10-19 10:49:23 #9 type] 
Type domain.Mezua is not enhanced.

[2023-10-19 10:49:23 #10 type] 
Type domain.Mugimendua is not enhanced.

[2023-10-19 10:49:23 #11 type] 
Type domain.Admin is not enhanced.

[2023-10-19 10:49:23 #12 type] 
Type domain.Editorea is not enhanced.

------------------------------------------------------------------------------------------------------------------------

[2023-10-19 10:54:01 #1 store] 
Database 'C:\Users\iaram\git\probaAldaketak\src\main\resources\bets.temp' has been recovered (tr. 3038-3042)

[2023-10-19 10:54:01 #2 store] 
Database 'C:\Users\iaram\git\probaAldaketak\src\main\resources\bets.temp' is opened by 23772@LAPTOP-QG7DD9CE

[2023-10-19 10:54:01 #3 type] 
Type domain.Aukera is not enhanced.

[2023-10-19 10:54:01 #4 type] 
Type domain.Apustua is not enhanced.

[2023-10-19 10:54:01 #5 type] 
Type domain.Question is not enhanced.

[2023-10-19 10:54:01 #6 type] 
Type domain.Event is not enhanced.

[2023-10-19 10:54:01 #7 type] 
Type domain.User is not enhanced.

[2023-10-19 10:54:01 #8 type] 
Type domain.Erregistratua is not enhanced.

[2023-10-19 10:54:01 #9 type] 
Type domain.Mezua is not enhanced.

[2023-10-19 10:54:01 #10 type] 
Type domain.Mugimendua is not enhanced.

[2023-10-19 10:54:01 #11 type] 
Type domain.Admin is not enhanced.

[2023-10-19 10:54:01 #12 type] 
Type domain.Editorea is not enhanced.

------------------------------------------------------------------------------------------------------------------------

[2023-10-19 10:54:27 #1 store] 
Database 'C:\Users\iaram\git\probaAldaketak\src\main\resources\bets.temp' has been recovered (tr. 3043-3047)

[2023-10-19 10:54:27 #2 store] 
Database 'C:\Users\iaram\git\probaAldaketak\src\main\resources\bets.temp' is opened by 25716@LAPTOP-QG7DD9CE

[2023-10-19 10:54:27 #3 type] 
Type domain.Aukera is not enhanced.

[2023-10-19 10:54:27 #4 type] 
Type domain.Apustua is not enhanced.

[2023-10-19 10:54:27 #5 type] 
Type domain.Question is not enhanced.

[2023-10-19 10:54:27 #6 type] 
Type domain.Event is not enhanced.

[2023-10-19 10:54:27 #7 type] 
Type domain.User is not enhanced.

[2023-10-19 10:54:27 #8 type] 
Type domain.Erregistratua is not enhanced.

[2023-10-19 10:54:27 #9 type] 
Type domain.Mezua is not enhanced.

[2023-10-19 10:54:27 #10 type] 
Type domain.Mugimendua is not enhanced.

[2023-10-19 10:54:27 #11 type] 
Type domain.Admin is not enhanced.

[2023-10-19 10:54:27 #12 type] 
Type domain.Editorea is not enhanced.

------------------------------------------------------------------------------------------------------------------------

[2023-10-19 10:54:57 #1 store] 
Database 'C:\Users\iaram\git\probaAldaketak\src\main\resources\bets.temp' has been recovered (tr. 3048-3057)

[2023-10-19 10:54:57 #2 store] 
Database 'C:\Users\iaram\git\probaAldaketak\src\main\resources\bets.temp' is opened by 21644@LAPTOP-QG7DD9CE

[2023-10-19 10:54:57 #3 type] 
Type domain.Aukera is not enhanced.

[2023-10-19 10:54:57 #4 type] 
Type domain.Apustua is not enhanced.

[2023-10-19 10:54:57 #5 type] 
Type domain.Question is not enhanced.

[2023-10-19 10:54:57 #6 type] 
Type domain.Event is not enhanced.

[2023-10-19 10:54:57 #7 type] 
Type domain.User is not enhanced.

[2023-10-19 10:54:57 #8 type] 
Type domain.Erregistratua is not enhanced.

[2023-10-19 10:54:57 #9 type] 
Type domain.Mezua is not enhanced.

[2023-10-19 10:54:57 #10 type] 
Type domain.Mugimendua is not enhanced.

[2023-10-19 10:54:57 #11 type] 
Type domain.Admin is not enhanced.

[2023-10-19 10:54:57 #12 type] 
Type domain.Editorea is not enhanced.

------------------------------------------------------------------------------------------------------------------------

[2023-10-19 10:55:46 #1 store] 
Database 'C:\Users\iaram\git\probaAldaketak\src\main\resources\bets.temp' has been recovered (tr. 3058-3076)

[2023-10-19 10:55:46 #2 store] 
Database 'C:\Users\iaram\git\probaAldaketak\src\main\resources\bets.temp' is opened by 27028@LAPTOP-QG7DD9CE

[2023-10-19 10:55:46 #3 type] 
Type domain.Aukera is not enhanced.

[2023-10-19 10:55:46 #4 type] 
Type domain.Apustua is not enhanced.

[2023-10-19 10:55:46 #5 type] 
Type domain.Question is not enhanced.

[2023-10-19 10:55:46 #6 type] 
Type domain.Event is not enhanced.

[2023-10-19 10:55:46 #7 type] 
Type domain.User is not enhanced.

[2023-10-19 10:55:46 #8 type] 
Type domain.Erregistratua is not enhanced.

[2023-10-19 10:55:46 #9 type] 
Type domain.Mezua is not enhanced.

[2023-10-19 10:55:46 #10 type] 
Type domain.Mugimendua is not enhanced.

[2023-10-19 10:55:46 #11 type] 
Type domain.Admin is not enhanced.

[2023-10-19 10:55:46 #12 type] 
Type domain.Editorea is not enhanced.

------------------------------------------------------------------------------------------------------------------------

[2023-10-19 10:57:46 #1 store] 
Database 'C:\Users\iaram\git\probaAldaketak\src\main\resources\bets.temp' has been recovered (tr. 3077-3095)

[2023-10-19 10:57:46 #2 store] 
Database 'C:\Users\iaram\git\probaAldaketak\src\main\resources\bets.temp' is opened by 25824@LAPTOP-QG7DD9CE

[2023-10-19 10:57:46 #3 type] 
Type domain.Aukera is not enhanced.

[2023-10-19 10:57:46 #4 type] 
Type domain.Apustua is not enhanced.

[2023-10-19 10:57:46 #5 type] 
Type domain.Question is not enhanced.

[2023-10-19 10:57:46 #6 type] 
Type domain.Event is not enhanced.

[2023-10-19 10:57:46 #7 type] 
Type domain.User is not enhanced.

[2023-10-19 10:57:46 #8 type] 
Type domain.Erregistratua is not enhanced.

[2023-10-19 10:57:46 #9 type] 
Type domain.Mezua is not enhanced.

[2023-10-19 10:57:46 #10 type] 
Type domain.Mugimendua is not enhanced.

[2023-10-19 10:57:46 #11 type] 
Type domain.Admin is not enhanced.

[2023-10-19 10:57:46 #12 type] 
Type domain.Editorea is not enhanced.

------------------------------------------------------------------------------------------------------------------------

[2023-10-19 10:58:29 #1 store] 
Database 'C:\Users\iaram\git\probaAldaketak\src\main\resources\bets.temp' has been recovered (tr. 3096-3114)

[2023-10-19 10:58:29 #2 store] 
Database 'C:\Users\iaram\git\probaAldaketak\src\main\resources\bets.temp' is opened by 24748@LAPTOP-QG7DD9CE

[2023-10-19 10:58:29 #3 type] 
Type domain.Aukera is not enhanced.

[2023-10-19 10:58:29 #4 type] 
Type domain.Apustua is not enhanced.

[2023-10-19 10:58:29 #5 type] 
Type domain.Question is not enhanced.

[2023-10-19 10:58:29 #6 type] 
Type domain.Event is not enhanced.

[2023-10-19 10:58:29 #7 type] 
Type domain.User is not enhanced.

[2023-10-19 10:58:29 #8 type] 
Type domain.Erregistratua is not enhanced.

[2023-10-19 10:58:29 #9 type] 
Type domain.Mezua is not enhanced.

[2023-10-19 10:58:29 #10 type] 
Type domain.Mugimendua is not enhanced.

[2023-10-19 10:58:29 #11 type] 
Type domain.Admin is not enhanced.

[2023-10-19 10:58:29 #12 type] 
Type domain.Editorea is not enhanced.

------------------------------------------------------------------------------------------------------------------------

[2023-10-19 11:29:19 #1 store] 
Database 'C:\Users\iaram\git\probaAldaketak\src\main\resources\bets.temp' has been recovered (tr. 3115-3131)

[2023-10-19 11:29:19 #2 store] 
Database 'C:\Users\iaram\git\probaAldaketak\src\main\resources\bets.temp' is opened by 29360@LAPTOP-QG7DD9CE

[2023-10-19 11:29:19 #3 type] 
Type domain.Aukera is not enhanced.

[2023-10-19 11:29:19 #4 type] 
Type domain.Apustua is not enhanced.

[2023-10-19 11:29:19 #5 type] 
Type domain.Question is not enhanced.

[2023-10-19 11:29:19 #6 type] 
Type domain.Event is not enhanced.

[2023-10-19 11:29:19 #7 type] 
Type domain.User is not enhanced.

[2023-10-19 11:29:19 #8 type] 
Type domain.Erregistratua is not enhanced.

[2023-10-19 11:29:19 #9 type] 
Type domain.Mezua is not enhanced.

[2023-10-19 11:29:19 #10 type] 
Type domain.Mugimendua is not enhanced.

[2023-10-19 11:29:19 #11 type] 
Type domain.Admin is not enhanced.

[2023-10-19 11:29:19 #12 type] 
Type domain.Editorea is not enhanced.

------------------------------------------------------------------------------------------------------------------------

[2023-10-19 11:38:53 #1 store] 
Database 'C:\Users\iaram\git\probaAldaketak\src\main\resources\bets.temp' has been recovered (tr. 3132-3150)

[2023-10-19 11:38:53 #2 store] 
Database 'C:\Users\iaram\git\probaAldaketak\src\main\resources\bets.temp' is opened by 20052@LAPTOP-QG7DD9CE

[2023-10-19 11:38:54 #3 type] 
Type domain.Aukera is not enhanced.

[2023-10-19 11:38:54 #4 type] 
Type domain.Apustua is not enhanced.

[2023-10-19 11:38:54 #5 type] 
Type domain.Question is not enhanced.

[2023-10-19 11:38:54 #6 type] 
Type domain.Event is not enhanced.

[2023-10-19 11:38:54 #7 type] 
Type domain.User is not enhanced.

[2023-10-19 11:38:54 #8 type] 
Type domain.Erregistratua is not enhanced.

[2023-10-19 11:38:54 #9 type] 
Type domain.Mezua is not enhanced.

[2023-10-19 11:38:54 #10 type] 
Type domain.Mugimendua is not enhanced.

[2023-10-19 11:38:54 #11 type] 
Type domain.Admin is not enhanced.

[2023-10-19 11:38:54 #12 type] 
Type domain.Editorea is not enhanced.

------------------------------------------------------------------------------------------------------------------------

[2023-10-19 11:41:42 #1 store] 
Database 'C:\Users\iaram\git\probaAldaketak\src\main\resources\bets.temp' has been recovered (tr. 3151-3274)

[2023-10-19 11:41:42 #2 store] 
Database 'C:\Users\iaram\git\probaAldaketak\src\main\resources\bets.temp' is opened by 18648@LAPTOP-QG7DD9CE

[2023-10-19 11:41:42 #3 type] 
Type domain.Aukera is not enhanced.

[2023-10-19 11:41:42 #4 type] 
Type domain.Apustua is not enhanced.

[2023-10-19 11:41:42 #5 type] 
Type domain.Question is not enhanced.

[2023-10-19 11:41:42 #6 type] 
Type domain.Event is not enhanced.

[2023-10-19 11:41:42 #7 type] 
Type domain.User is not enhanced.

[2023-10-19 11:41:42 #8 type] 
Type domain.Erregistratua is not enhanced.

[2023-10-19 11:41:42 #9 type] 
Type domain.Mezua is not enhanced.

[2023-10-19 11:41:42 #10 type] 
Type domain.Mugimendua is not enhanced.

[2023-10-19 11:41:42 #11 type] 
Type domain.Admin is not enhanced.

[2023-10-19 11:41:42 #12 type] 
Type domain.Editorea is not enhanced.

------------------------------------------------------------------------------------------------------------------------

[2023-10-19 11:46:43 #1 store] 
Database 'C:\Users\iaram\git\probaAldaketak\src\main\resources\bets.temp' has been recovered (tr. 3275-3398)

[2023-10-19 11:46:43 #2 store] 
Database 'C:\Users\iaram\git\probaAldaketak\src\main\resources\bets.temp' is opened by 24624@LAPTOP-QG7DD9CE

[2023-10-19 11:46:43 #3 type] 
Type domain.Aukera is not enhanced.

[2023-10-19 11:46:43 #4 type] 
Type domain.Apustua is not enhanced.

[2023-10-19 11:46:43 #5 type] 
Type domain.Question is not enhanced.

[2023-10-19 11:46:43 #6 type] 
Type domain.Event is not enhanced.

[2023-10-19 11:46:43 #7 type] 
Type domain.User is not enhanced.

[2023-10-19 11:46:43 #8 type] 
Type domain.Erregistratua is not enhanced.

[2023-10-19 11:46:43 #9 type] 
Type domain.Mezua is not enhanced.

[2023-10-19 11:46:43 #10 type] 
Type domain.Mugimendua is not enhanced.

[2023-10-19 11:46:43 #11 type] 
Type domain.Admin is not enhanced.

[2023-10-19 11:46:43 #12 type] 
Type domain.Editorea is not enhanced.

